<?xml version="1.0" encoding="UTF-8"?>
<!-- Generated by org.testng.reporters.JUnitXMLReporter -->
<testsuite ignored="0" hostname="RashedZahan" failures="0" tests="6" name="Test" time="60.955" errors="0" timestamp="2023-03-20T22:40:37 BDT">
  <testcase classname="testcases.LogInPageTesting" name="testLogInWithInValidCredentialPassword" time="12.394"/>
  <testcase classname="testcases.LogInPageTesting" name="testLogInWithInValidCredentialUserName" time="11.956"/>
  <testcase classname="testcases.HomePageTesting" name="TestHomePageTitle" time="20.4"/>
  <testcase classname="testcases.LogInPageTesting" name="testLogInWithInValidCredentialUsingDataProvider" time="10.731"/>
  <testcase classname="testcases.LogInPageTesting" name="testLogInWithInValidCredentialUsingDataProvider" time="8.322"/>
  <testcase classname="testcases.LogInPageTesting" name="testLogInWithValidCredential" time="10.568"/>
</testsuite> <!-- Test -->
